<?xml version="1.0" encoding="UTF-8"?>
<testng-results skipped="0" failed="0" ignored="0" total="1" passed="1">
  <reporter-output>
  </reporter-output>
  <suite name="Loadtime" duration-ms="12405" started-at="2020-05-07T13:51:39 CAT" finished-at="2020-05-07T13:51:52 CAT">
    <groups>
    </groups>
    <test name="DeploymentTest" duration-ms="12405" started-at="2020-05-07T13:51:39 CAT" finished-at="2020-05-07T13:51:52 CAT">
      <class name="Loadtime.Loadtime">
        <test-method status="PASS" signature="launchBrowser()[pri:0, instance:Loadtime.Loadtime@1e397ed7]" name="launchBrowser" is-config="true" duration-ms="7407" started-at="2020-05-07T13:51:39 CAT" finished-at="2020-05-07T13:51:47 CAT">
          <reporter-output>
          </reporter-output>
        </test-method> <!-- launchBrowser -->
        <test-method status="PASS" signature="urlLogin()[pri:0, instance:Loadtime.Loadtime@1e397ed7]" name="urlLogin" duration-ms="3899" started-at="2020-05-07T13:51:47 CAT" finished-at="2020-05-07T13:51:51 CAT">
          <reporter-output>
          </reporter-output>
        </test-method> <!-- urlLogin -->
        <test-method status="PASS" signature="closeBrowser()[pri:0, instance:Loadtime.Loadtime@1e397ed7]" name="closeBrowser" is-config="true" duration-ms="1031" started-at="2020-05-07T13:51:51 CAT" finished-at="2020-05-07T13:51:52 CAT">
          <reporter-output>
          </reporter-output>
        </test-method> <!-- closeBrowser -->
      </class> <!-- Loadtime.Loadtime -->
    </test> <!-- DeploymentTest -->
  </suite> <!-- Loadtime -->
</testng-results>
