<?xml version="1.0" encoding="UTF-8"?>
<testng-results skipped="0" failed="0" ignored="0" total="1" passed="1">
  <reporter-output>
  </reporter-output>
  <suite name="Loadtime" duration-ms="11340" started-at="2020-05-07T10:51:36Z" finished-at="2020-05-07T10:51:47Z">
    <groups>
    </groups>
    <test name="DeploymentTest" duration-ms="11340" started-at="2020-05-07T10:51:36Z" finished-at="2020-05-07T10:51:47Z">
      <class name="Loadtime.Loadtime">
        <test-method status="PASS" signature="launchBrowser()[pri:0, instance:Loadtime.Loadtime@61832929]" name="launchBrowser" is-config="true" duration-ms="7577" started-at="2020-05-07T10:51:36Z" finished-at="2020-05-07T10:51:44Z">
          <reporter-output>
          </reporter-output>
        </test-method> <!-- launchBrowser -->
        <test-method status="PASS" signature="urlLogin()[pri:0, instance:Loadtime.Loadtime@61832929]" name="urlLogin" duration-ms="2792" started-at="2020-05-07T10:51:44Z" finished-at="2020-05-07T10:51:47Z">
          <reporter-output>
          </reporter-output>
        </test-method> <!-- urlLogin -->
        <test-method status="PASS" signature="closeBrowser()[pri:0, instance:Loadtime.Loadtime@61832929]" name="closeBrowser" is-config="true" duration-ms="913" started-at="2020-05-07T10:51:47Z" finished-at="2020-05-07T10:51:47Z">
          <reporter-output>
          </reporter-output>
        </test-method> <!-- closeBrowser -->
      </class> <!-- Loadtime.Loadtime -->
    </test> <!-- DeploymentTest -->
  </suite> <!-- Loadtime -->
</testng-results>
