<?xml version="1.0" encoding="UTF-8"?>
<testng-results skipped="0" failed="1" ignored="0" total="1" passed="0">
  <reporter-output>
    <line>
      <![CDATA[Chrome Browser: Login - My Telkom]]>
    </line>
    <line>
      <![CDATA[Http Status Code: 200]]>
    </line>
    <line>
      <![CDATA[Firefox Browser: Login - My Telkom]]>
    </line>
    <line>
      <![CDATA[Http Status Code: 200]]>
    </line>
  </reporter-output>
  <suite name="Default suite" duration-ms="41739" started-at="2020-10-23T18:30:59Z" finished-at="2020-10-23T18:31:41Z">
    <groups>
    </groups>
    <test name="Default test" duration-ms="41739" started-at="2020-10-23T18:30:59Z" finished-at="2020-10-23T18:31:41Z">
      <class name="selenium.NewTest">
        <test-method status="PASS" signature="beforeTest()[pri:0, instance:selenium.NewTest@589838eb]" name="beforeTest" is-config="true" duration-ms="30033" started-at="2020-10-23T18:30:59Z" finished-at="2020-10-23T18:31:29Z">
          <reporter-output>
            <line>
              <![CDATA[Chrome Browser: Login - My Telkom]]>
            </line>
            <line>
              <![CDATA[Http Status Code: 200]]>
            </line>
            <line>
              <![CDATA[Firefox Browser: Login - My Telkom]]>
            </line>
            <line>
              <![CDATA[Http Status Code: 200]]>
            </line>
          </reporter-output>
        </test-method> <!-- beforeTest -->
        <test-method status="FAIL" signature="seleniumTest()[pri:0, instance:selenium.NewTest@589838eb]" name="seleniumTest" duration-ms="53" started-at="2020-10-23T18:31:29Z" finished-at="2020-10-23T18:31:29Z">
          <exception class="junit.framework.ComparisonFailure">
            <message>
              <![CDATA[expected:<[]Telkom> but was:<[Login - My ]Telkom>]]>
            </message>
            <full-stacktrace>
              <![CDATA[junit.framework.ComparisonFailure: expected:<[]Telkom> but was:<[Login - My ]Telkom>
at junit.framework.Assert.assertEquals(Assert.java:100)
at junit.framework.Assert.assertEquals(Assert.java:107)
at selenium.NewTest.seleniumTest(NewTest.java:56)
at sun.reflect.NativeMethodAccessorImpl.invoke0(Native Method)
at sun.reflect.NativeMethodAccessorImpl.invoke(NativeMethodAccessorImpl.java:62)
at sun.reflect.DelegatingMethodAccessorImpl.invoke(DelegatingMethodAccessorImpl.java:43)
at java.lang.reflect.Method.invoke(Method.java:498)
at org.testng.internal.MethodInvocationHelper.invokeMethod(MethodInvocationHelper.java:124)
at org.testng.internal.Invoker.invokeMethod(Invoker.java:583)
at org.testng.internal.Invoker.invokeTestMethod(Invoker.java:719)
at org.testng.internal.Invoker.invokeTestMethods(Invoker.java:989)
at org.testng.internal.TestMethodWorker.invokeTestMethods(TestMethodWorker.java:125)
at org.testng.internal.TestMethodWorker.run(TestMethodWorker.java:109)
at org.testng.TestRunner.privateRun(TestRunner.java:648)
at org.testng.TestRunner.run(TestRunner.java:505)
at org.testng.SuiteRunner.runTest(SuiteRunner.java:455)
at org.testng.SuiteRunner.runSequentially(SuiteRunner.java:450)
at org.testng.SuiteRunner.privateRun(SuiteRunner.java:415)
at org.testng.SuiteRunner.run(SuiteRunner.java:364)
at org.testng.SuiteRunnerWorker.runSuite(SuiteRunnerWorker.java:52)
at org.testng.SuiteRunnerWorker.run(SuiteRunnerWorker.java:84)
at org.testng.TestNG.runSuitesSequentially(TestNG.java:1208)
at org.testng.TestNG.runSuitesLocally(TestNG.java:1137)
at org.testng.TestNG.runSuites(TestNG.java:1049)
at org.testng.TestNG.run(TestNG.java:1017)
at org.testng.remote.AbstractRemoteTestNG.run(AbstractRemoteTestNG.java:115)
at org.testng.remote.RemoteTestNG.initAndRun(RemoteTestNG.java:251)
at org.testng.remote.RemoteTestNG.main(RemoteTestNG.java:77)
]]>
            </full-stacktrace>
          </exception> <!-- junit.framework.ComparisonFailure -->
          <reporter-output>
          </reporter-output>
        </test-method> <!-- seleniumTest -->
        <test-method status="PASS" signature="afterTest()[pri:0, instance:selenium.NewTest@589838eb]" name="afterTest" is-config="true" duration-ms="11586" started-at="2020-10-23T18:31:29Z" finished-at="2020-10-23T18:31:41Z">
          <reporter-output>
          </reporter-output>
        </test-method> <!-- afterTest -->
      </class> <!-- selenium.NewTest -->
    </test> <!-- Default test -->
  </suite> <!-- Default suite -->
</testng-results>
